<?xml version="1.0"?>
<!DOCTYPE coverage SYSTEM "http://cobertura.sourceforge.net/xml/coverage-04.dtd">

<coverage line-rate="0.96875" branch-rate="0.8888888888888888" lines-covered="124" lines-valid="128" branches-covered="32" branches-valid="36" complexity="1.7297297297297298" version="2.1.1" timestamp="1467905316619">
	<sources>
		<source>--source</source>
		<source>C:/Users/bunji/Documents/GitHub/AsyncUtil/target/generated-sources/annotations</source>
		<source>C:/Users/bunji/Documents/GitHub/AsyncUtil/src/main/java</source>
	</sources>
	<packages>
		<package name="info.bunji.asyncutil" line-rate="0.96875" branch-rate="0.8888888888888888" complexity="1.7297297297297298">
			<classes>
				<class name="info.bunji.asyncutil.AsyncExecutor" filename="info/bunji/asyncutil/AsyncExecutor.java" line-rate="0.9166666666666666" branch-rate="1.0" complexity="1.1578947368421053">
					<methods>
						<method name="&lt;clinit&gt;" signature="()V" line-rate="1.0" branch-rate="1.0" complexity="0">
							<lines>
								<line number="38" hits="3" branch="false"/>
							</lines>
						</method>
						<method name="&lt;init&gt;" signature="()V" line-rate="0.0" branch-rate="1.0" complexity="0">
							<lines>
								<line number="42" hits="0" branch="false"/>
								<line number="44" hits="0" branch="false"/>
							</lines>
						</method>
						<method name="access$100" signature="()Lorg/slf4j/Logger;" line-rate="1.0" branch-rate="1.0" complexity="0">
							<lines>
								<line number="36" hits="31" branch="false"/>
							</lines>
						</method>
						<method name="builder" signature="()Linfo/bunji/asyncutil/AsyncExecutor$Builder;" line-rate="1.0" branch-rate="1.0" complexity="0">
							<lines>
								<line number="51" hits="2" branch="false"/>
							</lines>
						</method>
						<method name="execute" signature="(Linfo/bunji/asyncutil/AsyncProcess;)Linfo/bunji/asyncutil/AsyncResult;" line-rate="1.0" branch-rate="1.0" complexity="0">
							<lines>
								<line number="69" hits="17" branch="false"/>
							</lines>
						</method>
						<method name="execute" signature="(Linfo/bunji/asyncutil/AsyncProcess;I)Linfo/bunji/asyncutil/AsyncResult;" line-rate="1.0" branch-rate="1.0" complexity="0">
							<lines>
								<line number="87" hits="3" branch="false"/>
							</lines>
						</method>
						<method name="execute" signature="(Linfo/bunji/asyncutil/AsyncProcess;ILrx/Scheduler;)Linfo/bunji/asyncutil/AsyncResult;" line-rate="1.0" branch-rate="1.0" complexity="0">
							<lines>
								<line number="121" hits="23" branch="false"/>
								<line number="122" hits="23" branch="false"/>
								<line number="123" hits="23" branch="false"/>
								<line number="126" hits="23" branch="false"/>
							</lines>
						</method>
						<method name="execute" signature="(Linfo/bunji/asyncutil/AsyncProcess;Lrx/Scheduler;)Linfo/bunji/asyncutil/AsyncResult;" line-rate="1.0" branch-rate="1.0" complexity="0">
							<lines>
								<line number="105" hits="2" branch="false"/>
							</lines>
						</method>
						<method name="execute" signature="(Ljava/lang/Iterable;)Linfo/bunji/asyncutil/AsyncResult;" line-rate="1.0" branch-rate="1.0" complexity="0">
							<lines>
								<line number="145" hits="1" branch="false"/>
							</lines>
						</method>
						<method name="execute" signature="(Ljava/lang/Iterable;I)Linfo/bunji/asyncutil/AsyncResult;" line-rate="1.0" branch-rate="1.0" complexity="0">
							<lines>
								<line number="183" hits="1" branch="false"/>
							</lines>
						</method>
						<method name="execute" signature="(Ljava/lang/Iterable;II)Linfo/bunji/asyncutil/AsyncResult;" line-rate="1.0" branch-rate="1.0" complexity="0">
							<lines>
								<line number="202" hits="1" branch="false"/>
							</lines>
						</method>
						<method name="execute" signature="(Ljava/lang/Iterable;IILrx/Scheduler;)Linfo/bunji/asyncutil/AsyncResult;" line-rate="1.0" branch-rate="1.0" complexity="0">
							<lines>
								<line number="220" hits="3" branch="false"/>
								<line number="221" hits="3" branch="true" condition-coverage="100% (2/2)">
									<conditions>
										<condition number="0" type="jump" coverage="100%"/>
									</conditions>
								</line>
								<line number="222" hits="16" branch="false"/>
								<line number="223" hits="8" branch="false"/>
								<line number="224" hits="8" branch="false"/>
								<line number="226" hits="8" branch="false"/>
								<line number="227" hits="3" branch="false"/>
								<line number="231" hits="3" branch="false"/>
							</lines>
						</method>
						<method name="execute" signature="(Ljava/lang/Iterable;Lrx/Scheduler;)Linfo/bunji/asyncutil/AsyncResult;" line-rate="1.0" branch-rate="1.0" complexity="0">
							<lines>
								<line number="164" hits="1" branch="false"/>
							</lines>
						</method>
					</methods>
					<lines>
						<line number="36" hits="31" branch="false"/>
						<line number="38" hits="3" branch="false"/>
						<line number="42" hits="0" branch="false"/>
						<line number="44" hits="0" branch="false"/>
						<line number="51" hits="2" branch="false"/>
						<line number="69" hits="17" branch="false"/>
						<line number="87" hits="3" branch="false"/>
						<line number="105" hits="2" branch="false"/>
						<line number="121" hits="23" branch="false"/>
						<line number="122" hits="23" branch="false"/>
						<line number="123" hits="23" branch="false"/>
						<line number="126" hits="23" branch="false"/>
						<line number="145" hits="1" branch="false"/>
						<line number="164" hits="1" branch="false"/>
						<line number="183" hits="1" branch="false"/>
						<line number="202" hits="1" branch="false"/>
						<line number="220" hits="3" branch="false"/>
						<line number="221" hits="3" branch="true" condition-coverage="100% (2/2)">
							<conditions>
								<condition number="0" type="jump" coverage="100%"/>
							</conditions>
						</line>
						<line number="222" hits="16" branch="false"/>
						<line number="223" hits="8" branch="false"/>
						<line number="224" hits="8" branch="false"/>
						<line number="226" hits="8" branch="false"/>
						<line number="227" hits="3" branch="false"/>
						<line number="231" hits="3" branch="false"/>
					</lines>
				</class>
				<class name="info.bunji.asyncutil.AsyncExecutor$1" filename="info/bunji/asyncutil/AsyncExecutor.java" line-rate="1.0" branch-rate="1.0" complexity="1.1578947368421053">
					<methods>
					</methods>
					<lines>
					</lines>
				</class>
				<class name="info.bunji.asyncutil.AsyncExecutor$Builder" filename="info/bunji/asyncutil/AsyncExecutor.java" line-rate="1.0" branch-rate="0.5" complexity="1.1578947368421053">
					<methods>
						<method name="&lt;init&gt;" signature="()V" line-rate="1.0" branch-rate="1.0" complexity="0">
							<lines>
								<line number="264" hits="2" branch="false"/>
								<line number="265" hits="2" branch="false"/>
								<line number="266" hits="2" branch="false"/>
								<line number="268" hits="2" branch="false"/>
								<line number="269" hits="2" branch="false"/>
							</lines>
						</method>
						<method name="&lt;init&gt;" signature="(Linfo/bunji/asyncutil/AsyncExecutor$1;)V" line-rate="1.0" branch-rate="1.0" complexity="0">
							<lines>
								<line number="263" hits="2" branch="false"/>
							</lines>
						</method>
						<method name="execute" signature="(Linfo/bunji/asyncutil/AsyncProcess;)Linfo/bunji/asyncutil/AsyncResult;" line-rate="1.0" branch-rate="1.0" complexity="0">
							<lines>
								<line number="320" hits="1" branch="false"/>
							</lines>
						</method>
						<method name="execute" signature="(Ljava/lang/Iterable;)Linfo/bunji/asyncutil/AsyncResult;" line-rate="1.0" branch-rate="1.0" complexity="0">
							<lines>
								<line number="333" hits="1" branch="false"/>
							</lines>
						</method>
						<method name="maxConcurrent" signature="(I)Linfo/bunji/asyncutil/AsyncExecutor$Builder;" line-rate="1.0" branch-rate="0.5" complexity="0">
							<lines>
								<line number="306" hits="1" branch="true" condition-coverage="50% (1/2)">
									<conditions>
										<condition number="0" type="jump" coverage="50%"/>
									</conditions>
								</line>
								<line number="307" hits="1" branch="false"/>
							</lines>
						</method>
						<method name="queueLimit" signature="(I)Linfo/bunji/asyncutil/AsyncExecutor$Builder;" line-rate="1.0" branch-rate="0.5" complexity="0">
							<lines>
								<line number="280" hits="1" branch="true" condition-coverage="50% (1/2)">
									<conditions>
										<condition number="0" type="jump" coverage="50%"/>
									</conditions>
								</line>
								<line number="281" hits="1" branch="false"/>
							</lines>
						</method>
						<method name="scheduler" signature="(Lrx/Scheduler;)Linfo/bunji/asyncutil/AsyncExecutor$Builder;" line-rate="1.0" branch-rate="1.0" complexity="0">
							<lines>
								<line number="293" hits="1" branch="false"/>
								<line number="294" hits="1" branch="false"/>
							</lines>
						</method>
					</methods>
					<lines>
						<line number="263" hits="2" branch="false"/>
						<line number="264" hits="2" branch="false"/>
						<line number="265" hits="2" branch="false"/>
						<line number="266" hits="2" branch="false"/>
						<line number="268" hits="2" branch="false"/>
						<line number="269" hits="2" branch="false"/>
						<line number="280" hits="1" branch="true" condition-coverage="50% (1/2)">
							<conditions>
								<condition number="0" type="jump" coverage="50%"/>
							</conditions>
						</line>
						<line number="281" hits="1" branch="false"/>
						<line number="293" hits="1" branch="false"/>
						<line number="294" hits="1" branch="false"/>
						<line number="306" hits="1" branch="true" condition-coverage="50% (1/2)">
							<conditions>
								<condition number="0" type="jump" coverage="50%"/>
							</conditions>
						</line>
						<line number="307" hits="1" branch="false"/>
						<line number="320" hits="1" branch="false"/>
						<line number="333" hits="1" branch="false"/>
					</lines>
				</class>
				<class name="info.bunji.asyncutil.AsyncExecutor$OnTerminate" filename="info/bunji/asyncutil/AsyncExecutor.java" line-rate="1.0" branch-rate="1.0" complexity="1.1578947368421053">
					<methods>
						<method name="&lt;init&gt;" signature="(Linfo/bunji/asyncutil/AsyncProcess;)V" line-rate="1.0" branch-rate="1.0" complexity="0">
							<lines>
								<line number="244" hits="31" branch="false"/>
								<line number="245" hits="31" branch="false"/>
								<line number="246" hits="31" branch="false"/>
							</lines>
						</method>
						<method name="call" signature="()V" line-rate="1.0" branch-rate="1.0" complexity="0">
							<lines>
								<line number="253" hits="31" branch="false"/>
								<line number="254" hits="31" branch="false"/>
								<line number="255" hits="31" branch="false"/>
							</lines>
						</method>
					</methods>
					<lines>
						<line number="244" hits="31" branch="false"/>
						<line number="245" hits="31" branch="false"/>
						<line number="246" hits="31" branch="false"/>
						<line number="253" hits="31" branch="false"/>
						<line number="254" hits="31" branch="false"/>
						<line number="255" hits="31" branch="false"/>
					</lines>
				</class>
				<class name="info.bunji.asyncutil.AsyncProcess" filename="info/bunji/asyncutil/AsyncProcess.java" line-rate="1.0" branch-rate="1.0" complexity="2.1666666666666665">
					<methods>
						<method name="&lt;init&gt;" signature="()V" line-rate="1.0" branch-rate="1.0" complexity="0">
							<lines>
								<line number="37" hits="38" branch="false"/>
							</lines>
						</method>
						<method name="append" signature="(Ljava/lang/Iterable;)V" line-rate="1.0" branch-rate="1.0" complexity="0">
							<lines>
								<line number="80" hits="490" branch="true" condition-coverage="100% (2/2)">
									<conditions>
										<condition number="0" type="jump" coverage="100%"/>
									</conditions>
								</line>
								<line number="81" hits="489" branch="false"/>
								<line number="82" hits="5322" branch="true" condition-coverage="100% (2/2)">
									<conditions>
										<condition number="0" type="jump" coverage="100%"/>
									</conditions>
								</line>
								<line number="83" hits="4835" branch="false"/>
								<line number="85" hits="4833" branch="false"/>
								<line number="86" hits="4833" branch="false"/>
								<line number="89" hits="488" branch="false"/>
							</lines>
						</method>
						<method name="append" signature="(Ljava/lang/Object;)V" line-rate="1.0" branch-rate="1.0" complexity="0">
							<lines>
								<line number="99" hits="5731" branch="true" condition-coverage="100% (2/2)">
									<conditions>
										<condition number="0" type="jump" coverage="100%"/>
									</conditions>
								</line>
								<line number="100" hits="3" branch="false"/>
								<line number="102" hits="5728" branch="false"/>
								<line number="103" hits="5729" branch="false"/>
							</lines>
						</method>
						<method name="call" signature="(Ljava/lang/Object;)V" line-rate="1.0" branch-rate="1.0" complexity="0">
							<lines>
								<line number="34" hits="69" branch="false"/>
							</lines>
						</method>
						<method name="call" signature="(Lrx/Subscriber;)V" line-rate="1.0" branch-rate="1.0" complexity="0">
							<lines>
								<line number="46" hits="31" branch="false"/>
								<line number="49" hits="31" branch="false"/>
								<line number="52" hits="29" branch="false"/>
								<line number="53" hits="2" branch="false"/>
								<line number="54" hits="2" branch="false"/>
								<line number="55" hits="29" branch="false"/>
								<line number="56" hits="31" branch="false"/>
							</lines>
						</method>
						<method name="isInterrupted" signature="()Z" line-rate="1.0" branch-rate="1.0" complexity="0">
							<lines>
								<line number="113" hits="5722" branch="true" condition-coverage="100% (2/2)">
									<conditions>
										<condition number="0" type="jump" coverage="100%"/>
									</conditions>
								</line>
							</lines>
						</method>
						<method name="postProcess" signature="()V" line-rate="1.0" branch-rate="1.0" complexity="0">
							<lines>
								<line number="122" hits="25" branch="false"/>
								<line number="123" hits="25" branch="false"/>
							</lines>
						</method>
					</methods>
					<lines>
						<line number="34" hits="69" branch="false"/>
						<line number="37" hits="38" branch="false"/>
						<line number="46" hits="31" branch="false"/>
						<line number="49" hits="31" branch="false"/>
						<line number="52" hits="29" branch="false"/>
						<line number="53" hits="2" branch="false"/>
						<line number="54" hits="2" branch="false"/>
						<line number="55" hits="29" branch="false"/>
						<line number="56" hits="31" branch="false"/>
						<line number="80" hits="490" branch="true" condition-coverage="100% (2/2)">
							<conditions>
								<condition number="0" type="jump" coverage="100%"/>
							</conditions>
						</line>
						<line number="81" hits="489" branch="false"/>
						<line number="82" hits="5322" branch="true" condition-coverage="100% (2/2)">
							<conditions>
								<condition number="0" type="jump" coverage="100%"/>
							</conditions>
						</line>
						<line number="83" hits="4835" branch="false"/>
						<line number="85" hits="4833" branch="false"/>
						<line number="86" hits="4833" branch="false"/>
						<line number="89" hits="488" branch="false"/>
						<line number="99" hits="5731" branch="true" condition-coverage="100% (2/2)">
							<conditions>
								<condition number="0" type="jump" coverage="100%"/>
							</conditions>
						</line>
						<line number="100" hits="3" branch="false"/>
						<line number="102" hits="5728" branch="false"/>
						<line number="103" hits="5729" branch="false"/>
						<line number="113" hits="5722" branch="true" condition-coverage="100% (2/2)">
							<conditions>
								<condition number="0" type="jump" coverage="100%"/>
							</conditions>
						</line>
						<line number="122" hits="25" branch="false"/>
						<line number="123" hits="25" branch="false"/>
					</lines>
				</class>
				<class name="info.bunji.asyncutil.AsyncResult" filename="info/bunji/asyncutil/AsyncResult.java" line-rate="1.0" branch-rate="1.0" complexity="2.4166666666666665">
					<methods>
						<method name="&lt;init&gt;" signature="(Lrx/Observable;I)V" line-rate="1.0" branch-rate="1.0" complexity="0">
							<lines>
								<line number="59" hits="27" branch="false"/>
								<line number="61" hits="27" branch="false"/>
								<line number="63" hits="27" branch="false"/>
								<line number="67" hits="27" branch="false"/>
								<line number="75" hits="27" branch="false"/>
								<line number="77" hits="27" branch="false"/>
								<line number="79" hits="27" branch="false"/>
								<line number="135" hits="27" branch="false"/>
								<line number="141" hits="27" branch="false"/>
								<line number="148" hits="27" branch="false"/>
								<line number="149" hits="27" branch="false"/>
								<line number="150" hits="27" branch="false"/>
							</lines>
						</method>
						<method name="access$000" signature="(Linfo/bunji/asyncutil/AsyncResult;)Lorg/slf4j/Logger;" line-rate="1.0" branch-rate="1.0" complexity="0">
							<lines>
							</lines>
						</method>
						<method name="access$100" signature="(Linfo/bunji/asyncutil/AsyncResult;)Ljava/lang/Throwable;" line-rate="1.0" branch-rate="1.0" complexity="0">
							<lines>
								<line number="57" hits="19081" branch="false"/>
							</lines>
						</method>
						<method name="access$102" signature="(Linfo/bunji/asyncutil/AsyncResult;Ljava/lang/Throwable;)Ljava/lang/Throwable;" line-rate="1.0" branch-rate="1.0" complexity="0">
							<lines>
							</lines>
						</method>
						<method name="access$200" signature="(Linfo/bunji/asyncutil/AsyncResult;)Linfo/bunji/asyncutil/AsyncResult$AsyncIterator;" line-rate="1.0" branch-rate="1.0" complexity="0">
							<lines>
							</lines>
						</method>
						<method name="access$400" signature="(Linfo/bunji/asyncutil/AsyncResult;)Ljava/util/concurrent/CountDownLatch;" line-rate="1.0" branch-rate="1.0" complexity="0">
							<lines>
							</lines>
						</method>
						<method name="block" signature="()Ljava/util/List;" line-rate="1.0" branch-rate="1.0" complexity="0">
							<lines>
								<line number="171" hits="8" branch="false"/>
								<line number="172" hits="8" branch="true" condition-coverage="100% (2/2)">
									<conditions>
										<condition number="0" type="jump" coverage="100%"/>
									</conditions>
								</line>
								<line number="173" hits="8" branch="false"/>
							</lines>
						</method>
						<method name="close" signature="()V" line-rate="1.0" branch-rate="1.0" complexity="0">
							<lines>
								<line number="187" hits="20" branch="true" condition-coverage="100% (2/2)">
									<conditions>
										<condition number="0" type="jump" coverage="100%"/>
									</conditions>
								</line>
								<line number="188" hits="4" branch="false"/>
								<line number="190" hits="4" branch="false"/>
								<line number="192" hits="20" branch="false"/>
							</lines>
						</method>
						<method name="iterator" signature="()Ljava/util/Iterator;" line-rate="1.0" branch-rate="1.0" complexity="0">
							<lines>
								<line number="159" hits="26" branch="false"/>
							</lines>
						</method>
					</methods>
					<lines>
						<line number="57" hits="19081" branch="false"/>
						<line number="59" hits="27" branch="false"/>
						<line number="61" hits="27" branch="false"/>
						<line number="63" hits="27" branch="false"/>
						<line number="67" hits="27" branch="false"/>
						<line number="75" hits="27" branch="false"/>
						<line number="77" hits="27" branch="false"/>
						<line number="79" hits="27" branch="false"/>
						<line number="135" hits="27" branch="false"/>
						<line number="141" hits="27" branch="false"/>
						<line number="148" hits="27" branch="false"/>
						<line number="149" hits="27" branch="false"/>
						<line number="150" hits="27" branch="false"/>
						<line number="159" hits="26" branch="false"/>
						<line number="171" hits="8" branch="false"/>
						<line number="172" hits="8" branch="true" condition-coverage="100% (2/2)">
							<conditions>
								<condition number="0" type="jump" coverage="100%"/>
							</conditions>
						</line>
						<line number="173" hits="8" branch="false"/>
						<line number="187" hits="20" branch="true" condition-coverage="100% (2/2)">
							<conditions>
								<condition number="0" type="jump" coverage="100%"/>
							</conditions>
						</line>
						<line number="188" hits="4" branch="false"/>
						<line number="190" hits="4" branch="false"/>
						<line number="192" hits="20" branch="false"/>
					</lines>
				</class>
				<class name="info.bunji.asyncutil.AsyncResult$1" filename="info/bunji/asyncutil/AsyncResult.java" line-rate="0.9411764705882353" branch-rate="0.8333333333333334" complexity="2.4166666666666665">
					<methods>
						<method name="&lt;init&gt;" signature="(Linfo/bunji/asyncutil/AsyncResult;I)V" line-rate="1.0" branch-rate="1.0" complexity="0">
							<lines>
								<line number="79" hits="27" branch="false"/>
								<line number="82" hits="27" branch="false"/>
							</lines>
						</method>
						<method name="onCompleted" signature="()V" line-rate="1.0" branch-rate="1.0" complexity="0">
							<lines>
								<line number="91" hits="24" branch="false"/>
								<line number="92" hits="24" branch="false"/>
							</lines>
						</method>
						<method name="onError" signature="(Ljava/lang/Throwable;)V" line-rate="1.0" branch-rate="1.0" complexity="0">
							<lines>
								<line number="102" hits="3" branch="false"/>
								<line number="103" hits="3" branch="false"/>
								<line number="104" hits="3" branch="false"/>
							</lines>
						</method>
						<method name="onNext" signature="(Ljava/lang/Object;)V" line-rate="0.9" branch-rate="0.8333333333333334" complexity="0">
							<lines>
								<line number="113" hits="5727" branch="false"/>
								<line number="116" hits="5727" branch="true" condition-coverage="100% (2/2)">
									<conditions>
										<condition number="0" type="jump" coverage="100%"/>
									</conditions>
								</line>
								<line number="118" hits="658" branch="true" condition-coverage="75% (3/4)">
									<conditions>
										<condition number="0" type="jump" coverage="100%"/>
										<condition number="1" type="jump" coverage="50%"/>
									</conditions>
								</line>
								<line number="119" hits="0" branch="false"/>
								<line number="121" hits="48" branch="false"/>
								<line number="123" hits="48" branch="false"/>
								<line number="124" hits="1" branch="false"/>
								<line number="126" hits="48" branch="false"/>
								<line number="130" hits="5727" branch="false"/>
								<line number="131" hits="5727" branch="false"/>
							</lines>
						</method>
					</methods>
					<lines>
						<line number="79" hits="27" branch="false"/>
						<line number="82" hits="27" branch="false"/>
						<line number="91" hits="24" branch="false"/>
						<line number="92" hits="24" branch="false"/>
						<line number="102" hits="3" branch="false"/>
						<line number="103" hits="3" branch="false"/>
						<line number="104" hits="3" branch="false"/>
						<line number="113" hits="5727" branch="false"/>
						<line number="116" hits="5727" branch="true" condition-coverage="100% (2/2)">
							<conditions>
								<condition number="0" type="jump" coverage="100%"/>
							</conditions>
						</line>
						<line number="118" hits="658" branch="true" condition-coverage="75% (3/4)">
							<conditions>
								<condition number="0" type="jump" coverage="100%"/>
								<condition number="1" type="jump" coverage="50%"/>
							</conditions>
						</line>
						<line number="119" hits="0" branch="false"/>
						<line number="121" hits="48" branch="false"/>
						<line number="123" hits="48" branch="false"/>
						<line number="124" hits="1" branch="false"/>
						<line number="126" hits="48" branch="false"/>
						<line number="130" hits="5727" branch="false"/>
						<line number="131" hits="5727" branch="false"/>
					</lines>
				</class>
				<class name="info.bunji.asyncutil.AsyncResult$2" filename="info/bunji/asyncutil/AsyncResult.java" line-rate="1.0" branch-rate="1.0" complexity="2.4166666666666665">
					<methods>
						<method name="&lt;init&gt;" signature="(Linfo/bunji/asyncutil/AsyncResult;J)V" line-rate="1.0" branch-rate="1.0" complexity="0">
							<lines>
								<line number="141" hits="27" branch="false"/>
							</lines>
						</method>
						<method name="call" signature="()V" line-rate="1.0" branch-rate="1.0" complexity="0">
							<lines>
								<line number="144" hits="27" branch="false"/>
								<line number="145" hits="27" branch="false"/>
								<line number="146" hits="27" branch="false"/>
							</lines>
						</method>
					</methods>
					<lines>
						<line number="141" hits="27" branch="false"/>
						<line number="144" hits="27" branch="false"/>
						<line number="145" hits="27" branch="false"/>
						<line number="146" hits="27" branch="false"/>
					</lines>
				</class>
				<class name="info.bunji.asyncutil.AsyncResult$3" filename="info/bunji/asyncutil/AsyncResult.java" line-rate="1.0" branch-rate="1.0" complexity="2.4166666666666665">
					<methods>
						<method name="&lt;init&gt;" signature="(Linfo/bunji/asyncutil/AsyncResult;)V" line-rate="1.0" branch-rate="1.0" complexity="0">
							<lines>
								<line number="135" hits="27" branch="false"/>
							</lines>
						</method>
						<method name="call" signature="()V" line-rate="1.0" branch-rate="1.0" complexity="0">
							<lines>
								<line number="138" hits="27" branch="false"/>
								<line number="139" hits="27" branch="false"/>
							</lines>
						</method>
					</methods>
					<lines>
						<line number="135" hits="27" branch="false"/>
						<line number="138" hits="27" branch="false"/>
						<line number="139" hits="27" branch="false"/>
					</lines>
				</class>
				<class name="info.bunji.asyncutil.AsyncResult$AsyncIterator" filename="info/bunji/asyncutil/AsyncResult.java" line-rate="0.9375" branch-rate="0.9166666666666666" complexity="2.4166666666666665">
					<methods>
						<method name="&lt;init&gt;" signature="(Linfo/bunji/asyncutil/AsyncResult;)V" line-rate="1.0" branch-rate="1.0" complexity="0">
							<lines>
								<line number="206" hits="27" branch="false"/>
							</lines>
						</method>
						<method name="access$300" signature="(Linfo/bunji/asyncutil/AsyncResult$AsyncIterator;)Ljava/util/Queue;" line-rate="1.0" branch-rate="1.0" complexity="0">
							<lines>
								<line number="203" hits="6460" branch="false"/>
							</lines>
						</method>
						<method name="hasNext" signature="()Z" line-rate="0.9" branch-rate="0.9" complexity="0">
							<lines>
								<line number="217" hits="10425" branch="false"/>
								<line number="218" hits="10425" branch="false"/>
								<line number="220" hits="11456" branch="true" condition-coverage="100% (2/2)">
									<conditions>
										<condition number="0" type="jump" coverage="100%"/>
									</conditions>
								</line>
								<line number="222" hits="2" branch="false"/>
								<line number="224" hits="11454" branch="false"/>
								<line number="225" hits="11454" branch="true" condition-coverage="83% (5/6)">
									<conditions>
										<condition number="0" type="jump" coverage="100%"/>
										<condition number="1" type="jump" coverage="50%"/>
										<condition number="2" type="jump" coverage="100%"/>
									</conditions>
								</line>
								<line number="229" hits="1031" branch="false"/>
								<line number="230" hits="0" branch="false"/>
								<line number="232" hits="1031" branch="false"/>
								<line number="234" hits="10423" branch="true" condition-coverage="100% (2/2)">
									<conditions>
										<condition number="0" type="jump" coverage="100%"/>
									</conditions>
								</line>
							</lines>
						</method>
						<method name="next" signature="()Ljava/lang/Object;" line-rate="1.0" branch-rate="1.0" complexity="0">
							<lines>
								<line number="244" hits="5202" branch="true" condition-coverage="100% (2/2)">
									<conditions>
										<condition number="0" type="jump" coverage="100%"/>
									</conditions>
								</line>
								<line number="246" hits="5201" branch="false"/>
								<line number="248" hits="1" branch="false"/>
							</lines>
						</method>
						<method name="remove" signature="()V" line-rate="1.0" branch-rate="1.0" complexity="0">
							<lines>
								<line number="258" hits="1" branch="false"/>
							</lines>
						</method>
					</methods>
					<lines>
						<line number="203" hits="6460" branch="false"/>
						<line number="206" hits="27" branch="false"/>
						<line number="217" hits="10425" branch="false"/>
						<line number="218" hits="10425" branch="false"/>
						<line number="220" hits="11456" branch="true" condition-coverage="100% (2/2)">
							<conditions>
								<condition number="0" type="jump" coverage="100%"/>
							</conditions>
						</line>
						<line number="222" hits="2" branch="false"/>
						<line number="224" hits="11454" branch="false"/>
						<line number="225" hits="11454" branch="true" condition-coverage="83% (5/6)">
							<conditions>
								<condition number="0" type="jump" coverage="100%"/>
								<condition number="1" type="jump" coverage="50%"/>
								<condition number="2" type="jump" coverage="100%"/>
							</conditions>
						</line>
						<line number="229" hits="1031" branch="false"/>
						<line number="230" hits="0" branch="false"/>
						<line number="232" hits="1031" branch="false"/>
						<line number="234" hits="10423" branch="true" condition-coverage="100% (2/2)">
							<conditions>
								<condition number="0" type="jump" coverage="100%"/>
							</conditions>
						</line>
						<line number="244" hits="5202" branch="true" condition-coverage="100% (2/2)">
							<conditions>
								<condition number="0" type="jump" coverage="100%"/>
							</conditions>
						</line>
						<line number="246" hits="5201" branch="false"/>
						<line number="248" hits="1" branch="false"/>
						<line number="258" hits="1" branch="false"/>
					</lines>
				</class>
			</classes>
		</package>
	</packages>
</coverage>
