<?xml version="1.0"?>
<!DOCTYPE coverage SYSTEM "http://cobertura.sourceforge.net/xml/coverage-04.dtd">

<coverage line-rate="0.9459459459459459" branch-rate="0.9107142857142857" lines-covered="175" lines-valid="185" branches-covered="51" branches-valid="56" complexity="1.8936170212765957" version="2.1.1" timestamp="1478620447254">
	<sources>
		<source>--source</source>
		<source>C:/Users/bunji/Documents/GitHub/asyncutil/target/generated-sources/annotations</source>
		<source>C:/Users/bunji/Documents/GitHub/asyncutil/src/main/java</source>
	</sources>
	<packages>
		<package name="info.bunji.asyncutil" line-rate="0.9459459459459459" branch-rate="0.9107142857142857" complexity="1.8936170212765957">
			<classes>
				<class name="info.bunji.asyncutil.AsyncExecutor" filename="info/bunji/asyncutil/AsyncExecutor.java" line-rate="0.9555555555555556" branch-rate="1.0" complexity="1.35">
					<methods>
						<method name="&lt;clinit&gt;" signature="()V" line-rate="1.0" branch-rate="1.0" complexity="0">
							<lines>
								<line number="38" hits="3" branch="false"/>
							</lines>
						</method>
						<method name="&lt;init&gt;" signature="()V" line-rate="0.0" branch-rate="1.0" complexity="0">
							<lines>
								<line number="40" hits="0" branch="false"/>
								<line number="42" hits="0" branch="false"/>
							</lines>
						</method>
						<method name="access$100" signature="()I" line-rate="1.0" branch-rate="1.0" complexity="0">
							<lines>
								<line number="34" hits="30" branch="false"/>
							</lines>
						</method>
						<method name="builder" signature="()Linfo/bunji/asyncutil/AsyncExecutor$Builder;" line-rate="1.0" branch-rate="1.0" complexity="0">
							<lines>
								<line number="51" hits="30" branch="false"/>
							</lines>
						</method>
						<method name="execute" signature="(Linfo/bunji/asyncutil/AsyncProcess;)Linfo/bunji/asyncutil/AsyncResult;" line-rate="1.0" branch-rate="1.0" complexity="0">
							<lines>
								<line number="69" hits="40" branch="false"/>
								<line number="70" hits="20" branch="false"/>
							</lines>
						</method>
						<method name="execute" signature="(Linfo/bunji/asyncutil/AsyncProcess;I)Linfo/bunji/asyncutil/AsyncResult;" line-rate="1.0" branch-rate="1.0" complexity="0">
							<lines>
								<line number="88" hits="2" branch="false"/>
								<line number="89" hits="1" branch="false"/>
								<line number="90" hits="1" branch="false"/>
							</lines>
						</method>
						<method name="execute" signature="(Linfo/bunji/asyncutil/AsyncProcess;ILrx/Scheduler;)Linfo/bunji/asyncutil/AsyncResult;" line-rate="1.0" branch-rate="1.0" complexity="0">
							<lines>
								<line number="126" hits="1" branch="false"/>
								<line number="127" hits="1" branch="false"/>
								<line number="128" hits="1" branch="false"/>
								<line number="131" hits="1" branch="false"/>
							</lines>
						</method>
						<method name="execute" signature="(Linfo/bunji/asyncutil/AsyncProcess;Lrx/Scheduler;)Linfo/bunji/asyncutil/AsyncResult;" line-rate="1.0" branch-rate="1.0" complexity="0">
							<lines>
								<line number="108" hits="2" branch="false"/>
								<line number="109" hits="1" branch="false"/>
								<line number="110" hits="1" branch="false"/>
							</lines>
						</method>
						<method name="execute" signature="(Ljava/lang/Iterable;)Linfo/bunji/asyncutil/AsyncResult;" line-rate="1.0" branch-rate="1.0" complexity="0">
							<lines>
								<line number="150" hits="4" branch="false"/>
								<line number="151" hits="2" branch="false"/>
							</lines>
						</method>
						<method name="execute" signature="(Ljava/lang/Iterable;I)Linfo/bunji/asyncutil/AsyncResult;" line-rate="1.0" branch-rate="1.0" complexity="0">
							<lines>
								<line number="191" hits="7" branch="false"/>
								<line number="192" hits="4" branch="false"/>
								<line number="193" hits="4" branch="false"/>
							</lines>
						</method>
						<method name="execute" signature="(Ljava/lang/Iterable;II)Linfo/bunji/asyncutil/AsyncResult;" line-rate="1.0" branch-rate="1.0" complexity="0">
							<lines>
								<line number="212" hits="2" branch="false"/>
								<line number="213" hits="1" branch="false"/>
								<line number="214" hits="1" branch="false"/>
								<line number="215" hits="1" branch="false"/>
							</lines>
						</method>
						<method name="execute" signature="(Ljava/lang/Iterable;IILrx/Scheduler;)Linfo/bunji/asyncutil/AsyncResult;" line-rate="1.0" branch-rate="1.0" complexity="0">
							<lines>
								<line number="232" hits="30" branch="true" condition-coverage="100% (2/2)">
									<conditions>
										<condition number="0" type="jump" coverage="100%"/>
									</conditions>
								</line>
								<line number="234" hits="1" branch="true" condition-coverage="100% (2/2)">
									<conditions>
										<condition number="0" type="jump" coverage="100%"/>
									</conditions>
								</line>
								<line number="236" hits="2" branch="false"/>
								<line number="237" hits="2" branch="false"/>
								<line number="238" hits="2" branch="false"/>
								<line number="239" hits="1" branch="false"/>
								<line number="243" hits="29" branch="false"/>
								<line number="244" hits="29" branch="true" condition-coverage="100% (2/2)">
									<conditions>
										<condition number="0" type="jump" coverage="100%"/>
									</conditions>
								</line>
								<line number="245" hits="72" branch="false"/>
								<line number="246" hits="36" branch="false"/>
								<line number="247" hits="36" branch="false"/>
								<line number="249" hits="36" branch="false"/>
								<line number="252" hits="29" branch="false"/>
								<line number="253" hits="29" branch="false"/>
								<line number="254" hits="29" branch="false"/>
								<line number="257" hits="29" branch="false"/>
							</lines>
						</method>
						<method name="execute" signature="(Ljava/lang/Iterable;Lrx/Scheduler;)Linfo/bunji/asyncutil/AsyncResult;" line-rate="1.0" branch-rate="1.0" complexity="0">
							<lines>
								<line number="170" hits="2" branch="false"/>
								<line number="171" hits="1" branch="false"/>
								<line number="172" hits="1" branch="false"/>
							</lines>
						</method>
					</methods>
					<lines>
						<line number="34" hits="30" branch="false"/>
						<line number="38" hits="3" branch="false"/>
						<line number="40" hits="0" branch="false"/>
						<line number="42" hits="0" branch="false"/>
						<line number="51" hits="30" branch="false"/>
						<line number="69" hits="40" branch="false"/>
						<line number="70" hits="20" branch="false"/>
						<line number="88" hits="2" branch="false"/>
						<line number="89" hits="1" branch="false"/>
						<line number="90" hits="1" branch="false"/>
						<line number="108" hits="2" branch="false"/>
						<line number="109" hits="1" branch="false"/>
						<line number="110" hits="1" branch="false"/>
						<line number="126" hits="1" branch="false"/>
						<line number="127" hits="1" branch="false"/>
						<line number="128" hits="1" branch="false"/>
						<line number="131" hits="1" branch="false"/>
						<line number="150" hits="4" branch="false"/>
						<line number="151" hits="2" branch="false"/>
						<line number="170" hits="2" branch="false"/>
						<line number="171" hits="1" branch="false"/>
						<line number="172" hits="1" branch="false"/>
						<line number="191" hits="7" branch="false"/>
						<line number="192" hits="4" branch="false"/>
						<line number="193" hits="4" branch="false"/>
						<line number="212" hits="2" branch="false"/>
						<line number="213" hits="1" branch="false"/>
						<line number="214" hits="1" branch="false"/>
						<line number="215" hits="1" branch="false"/>
						<line number="232" hits="30" branch="true" condition-coverage="100% (2/2)">
							<conditions>
								<condition number="0" type="jump" coverage="100%"/>
							</conditions>
						</line>
						<line number="234" hits="1" branch="true" condition-coverage="100% (2/2)">
							<conditions>
								<condition number="0" type="jump" coverage="100%"/>
							</conditions>
						</line>
						<line number="236" hits="2" branch="false"/>
						<line number="237" hits="2" branch="false"/>
						<line number="238" hits="2" branch="false"/>
						<line number="239" hits="1" branch="false"/>
						<line number="243" hits="29" branch="false"/>
						<line number="244" hits="29" branch="true" condition-coverage="100% (2/2)">
							<conditions>
								<condition number="0" type="jump" coverage="100%"/>
							</conditions>
						</line>
						<line number="245" hits="72" branch="false"/>
						<line number="246" hits="36" branch="false"/>
						<line number="247" hits="36" branch="false"/>
						<line number="249" hits="36" branch="false"/>
						<line number="252" hits="29" branch="false"/>
						<line number="253" hits="29" branch="false"/>
						<line number="254" hits="29" branch="false"/>
						<line number="257" hits="29" branch="false"/>
					</lines>
				</class>
				<class name="info.bunji.asyncutil.AsyncExecutor$1" filename="info/bunji/asyncutil/AsyncExecutor.java" line-rate="1.0" branch-rate="1.0" complexity="1.35">
					<methods>
					</methods>
					<lines>
					</lines>
				</class>
				<class name="info.bunji.asyncutil.AsyncExecutor$Builder" filename="info/bunji/asyncutil/AsyncExecutor.java" line-rate="1.0" branch-rate="1.0" complexity="1.35">
					<methods>
						<method name="&lt;init&gt;" signature="()V" line-rate="1.0" branch-rate="1.0" complexity="0">
							<lines>
								<line number="297" hits="30" branch="false"/>
								<line number="298" hits="30" branch="false"/>
								<line number="299" hits="30" branch="false"/>
								<line number="301" hits="30" branch="false"/>
								<line number="303" hits="30" branch="false"/>
							</lines>
						</method>
						<method name="&lt;init&gt;" signature="(Linfo/bunji/asyncutil/AsyncExecutor$1;)V" line-rate="1.0" branch-rate="1.0" complexity="0">
							<lines>
								<line number="296" hits="30" branch="false"/>
							</lines>
						</method>
						<method name="execute" signature="(Linfo/bunji/asyncutil/AsyncProcess;)Linfo/bunji/asyncutil/AsyncResult;" line-rate="1.0" branch-rate="1.0" complexity="0">
							<lines>
								<line number="356" hits="22" branch="false"/>
							</lines>
						</method>
						<method name="execute" signature="(Ljava/lang/Iterable;)Linfo/bunji/asyncutil/AsyncResult;" line-rate="1.0" branch-rate="1.0" complexity="0">
							<lines>
								<line number="369" hits="30" branch="false"/>
							</lines>
						</method>
						<method name="maxConcurrent" signature="(I)Linfo/bunji/asyncutil/AsyncExecutor$Builder;" line-rate="1.0" branch-rate="1.0" complexity="0">
							<lines>
								<line number="342" hits="5" branch="false"/>
								<line number="343" hits="5" branch="false"/>
							</lines>
						</method>
						<method name="queueLimit" signature="(I)Linfo/bunji/asyncutil/AsyncExecutor$Builder;" line-rate="1.0" branch-rate="1.0" complexity="0">
							<lines>
								<line number="316" hits="2" branch="false"/>
								<line number="317" hits="2" branch="false"/>
							</lines>
						</method>
						<method name="scheduler" signature="(Lrx/Scheduler;)Linfo/bunji/asyncutil/AsyncExecutor$Builder;" line-rate="1.0" branch-rate="1.0" complexity="0">
							<lines>
								<line number="329" hits="2" branch="false"/>
								<line number="330" hits="2" branch="false"/>
							</lines>
						</method>
					</methods>
					<lines>
						<line number="296" hits="30" branch="false"/>
						<line number="297" hits="30" branch="false"/>
						<line number="298" hits="30" branch="false"/>
						<line number="299" hits="30" branch="false"/>
						<line number="301" hits="30" branch="false"/>
						<line number="303" hits="30" branch="false"/>
						<line number="316" hits="2" branch="false"/>
						<line number="317" hits="2" branch="false"/>
						<line number="329" hits="2" branch="false"/>
						<line number="330" hits="2" branch="false"/>
						<line number="342" hits="5" branch="false"/>
						<line number="343" hits="5" branch="false"/>
						<line number="356" hits="22" branch="false"/>
						<line number="369" hits="30" branch="false"/>
					</lines>
				</class>
				<class name="info.bunji.asyncutil.AsyncExecutor$doPostProcess" filename="info/bunji/asyncutil/AsyncExecutor.java" line-rate="1.0" branch-rate="1.0" complexity="1.35">
					<methods>
						<method name="&lt;init&gt;" signature="(Linfo/bunji/asyncutil/AsyncProcess;)V" line-rate="1.0" branch-rate="1.0" complexity="0">
							<lines>
								<line number="270" hits="37" branch="false"/>
								<line number="271" hits="37" branch="false"/>
								<line number="272" hits="37" branch="false"/>
							</lines>
						</method>
						<method name="&lt;init&gt;" signature="(Ljava/lang/Iterable;)V" line-rate="1.0" branch-rate="1.0" complexity="0">
							<lines>
								<line number="268" hits="66" branch="false"/>
								<line number="274" hits="29" branch="false"/>
								<line number="275" hits="29" branch="true" condition-coverage="100% (2/2)">
									<conditions>
										<condition number="0" type="jump" coverage="100%"/>
									</conditions>
								</line>
								<line number="276" hits="36" branch="false"/>
								<line number="277" hits="36" branch="false"/>
								<line number="278" hits="29" branch="false"/>
							</lines>
						</method>
						<method name="call" signature="()V" line-rate="1.0" branch-rate="1.0" complexity="0">
							<lines>
								<line number="285" hits="65" branch="true" condition-coverage="100% (2/2)">
									<conditions>
										<condition number="0" type="jump" coverage="100%"/>
									</conditions>
								</line>
								<line number="286" hits="72" branch="false"/>
								<line number="287" hits="72" branch="false"/>
								<line number="288" hits="65" branch="false"/>
							</lines>
						</method>
					</methods>
					<lines>
						<line number="268" hits="66" branch="false"/>
						<line number="270" hits="37" branch="false"/>
						<line number="271" hits="37" branch="false"/>
						<line number="272" hits="37" branch="false"/>
						<line number="274" hits="29" branch="false"/>
						<line number="275" hits="29" branch="true" condition-coverage="100% (2/2)">
							<conditions>
								<condition number="0" type="jump" coverage="100%"/>
							</conditions>
						</line>
						<line number="276" hits="36" branch="false"/>
						<line number="277" hits="36" branch="false"/>
						<line number="278" hits="29" branch="false"/>
						<line number="285" hits="65" branch="true" condition-coverage="100% (2/2)">
							<conditions>
								<condition number="0" type="jump" coverage="100%"/>
							</conditions>
						</line>
						<line number="286" hits="72" branch="false"/>
						<line number="287" hits="72" branch="false"/>
						<line number="288" hits="65" branch="false"/>
					</lines>
				</class>
				<class name="info.bunji.asyncutil.AsyncIntervalProcess" filename="info/bunji/asyncutil/AsyncIntervalProcess.java" line-rate="0.9" branch-rate="0.8333333333333334" complexity="2.3333333333333335">
					<methods>
						<method name="&lt;init&gt;" signature="(J)V" line-rate="1.0" branch-rate="1.0" complexity="0">
							<lines>
								<line number="35" hits="3" branch="false"/>
								<line number="36" hits="3" branch="true" condition-coverage="100% (2/2)">
									<conditions>
										<condition number="0" type="jump" coverage="100%"/>
									</conditions>
								</line>
								<line number="37" hits="1" branch="false"/>
								<line number="39" hits="2" branch="false"/>
								<line number="40" hits="2" branch="false"/>
							</lines>
						</method>
						<method name="execute" signature="()V" line-rate="0.8" branch-rate="0.75" complexity="0">
							<lines>
								<line number="49" hits="15" branch="true" condition-coverage="100% (2/2)">
									<conditions>
										<condition number="0" type="jump" coverage="100%"/>
									</conditions>
								</line>
								<line number="50" hits="14" branch="true" condition-coverage="50% (1/2)">
									<conditions>
										<condition number="0" type="jump" coverage="50%"/>
									</conditions>
								</line>
								<line number="51" hits="0" branch="false"/>
								<line number="53" hits="14" branch="false"/>
								<line number="55" hits="1" branch="false"/>
							</lines>
						</method>
					</methods>
					<lines>
						<line number="35" hits="3" branch="false"/>
						<line number="36" hits="3" branch="true" condition-coverage="100% (2/2)">
							<conditions>
								<condition number="0" type="jump" coverage="100%"/>
							</conditions>
						</line>
						<line number="37" hits="1" branch="false"/>
						<line number="39" hits="2" branch="false"/>
						<line number="40" hits="2" branch="false"/>
						<line number="49" hits="15" branch="true" condition-coverage="100% (2/2)">
							<conditions>
								<condition number="0" type="jump" coverage="100%"/>
							</conditions>
						</line>
						<line number="50" hits="14" branch="true" condition-coverage="50% (1/2)">
							<conditions>
								<condition number="0" type="jump" coverage="50%"/>
							</conditions>
						</line>
						<line number="51" hits="0" branch="false"/>
						<line number="53" hits="14" branch="false"/>
						<line number="55" hits="1" branch="false"/>
					</lines>
				</class>
				<class name="info.bunji.asyncutil.AsyncProcess" filename="info/bunji/asyncutil/AsyncProcess.java" line-rate="0.9" branch-rate="0.8888888888888888" complexity="2.272727272727273">
					<methods>
						<method name="&lt;init&gt;" signature="()V" line-rate="1.0" branch-rate="1.0" complexity="0">
							<lines>
								<line number="38" hits="45" branch="false"/>
								<line number="42" hits="45" branch="false"/>
								<line number="44" hits="45" branch="false"/>
								<line number="46" hits="45" branch="false"/>
							</lines>
						</method>
						<method name="append" signature="(Ljava/lang/Iterable;)V" line-rate="1.0" branch-rate="1.0" complexity="0">
							<lines>
								<line number="97" hits="4" branch="true" condition-coverage="100% (2/2)">
									<conditions>
										<condition number="0" type="jump" coverage="100%"/>
									</conditions>
								</line>
								<line number="98" hits="3" branch="false"/>
								<line number="99" hits="5" branch="true" condition-coverage="100% (2/2)">
									<conditions>
										<condition number="0" type="jump" coverage="100%"/>
									</conditions>
								</line>
								<line number="100" hits="4" branch="false"/>
								<line number="102" hits="2" branch="false"/>
								<line number="103" hits="2" branch="false"/>
								<line number="106" hits="2" branch="false"/>
							</lines>
						</method>
						<method name="append" signature="(Ljava/lang/Object;)V" line-rate="1.0" branch-rate="1.0" complexity="0">
							<lines>
								<line number="116" hits="3849" branch="true" condition-coverage="100% (4/4)">
									<conditions>
										<condition number="0" type="jump" coverage="100%"/>
										<condition number="1" type="jump" coverage="100%"/>
									</conditions>
								</line>
								<line number="117" hits="9" branch="false"/>
								<line number="119" hits="3841" branch="false"/>
								<line number="120" hits="3841" branch="false"/>
							</lines>
						</method>
						<method name="call" signature="(Ljava/lang/Object;)V" line-rate="1.0" branch-rate="1.0" complexity="0">
							<lines>
								<line number="35" hits="81" branch="false"/>
							</lines>
						</method>
						<method name="call" signature="(Lrx/Subscriber;)V" line-rate="1.0" branch-rate="0.5" complexity="0">
							<lines>
								<line number="55" hits="36" branch="false"/>
								<line number="59" hits="36" branch="true" condition-coverage="50% (1/2)">
									<conditions>
										<condition number="0" type="jump" coverage="50%"/>
									</conditions>
								</line>
								<line number="62" hits="36" branch="false"/>
								<line number="65" hits="28" branch="false"/>
								<line number="66" hits="6" branch="false"/>
								<line number="68" hits="2" branch="false"/>
								<line number="69" hits="2" branch="false"/>
								<line number="71" hits="36" branch="false"/>
								<line number="72" hits="36" branch="false"/>
								<line number="73" hits="36" branch="false"/>
							</lines>
						</method>
						<method name="doPostProcess" signature="()V" line-rate="1.0" branch-rate="0.75" complexity="0">
							<lines>
								<line number="149" hits="114" branch="false"/>
								<line number="150" hits="114" branch="true" condition-coverage="100% (2/2)">
									<conditions>
										<condition number="0" type="jump" coverage="100%"/>
									</conditions>
								</line>
								<line number="151" hits="39" branch="false"/>
								<line number="152" hits="39" branch="false"/>
								<line number="155" hits="39" branch="true" condition-coverage="50% (1/2)">
									<conditions>
										<condition number="0" type="jump" coverage="50%"/>
									</conditions>
								</line>
								<line number="157" hits="114" branch="false"/>
								<line number="158" hits="114" branch="false"/>
							</lines>
						</method>
						<method name="isInterrupted" signature="()Z" line-rate="1.0" branch-rate="1.0" complexity="0">
							<lines>
								<line number="130" hits="3865" branch="true" condition-coverage="100% (2/2)">
									<conditions>
										<condition number="0" type="jump" coverage="100%"/>
									</conditions>
								</line>
								<line number="131" hits="3859" branch="true" condition-coverage="100% (2/2)">
									<conditions>
										<condition number="0" type="jump" coverage="100%"/>
									</conditions>
								</line>
							</lines>
						</method>
						<method name="postProcess" signature="()V" line-rate="1.0" branch-rate="1.0" complexity="0">
							<lines>
								<line number="141" hits="39" branch="false"/>
							</lines>
						</method>
						<method name="removeListener" signature="()V" line-rate="0.0" branch-rate="1.0" complexity="0">
							<lines>
								<line number="165" hits="0" branch="false"/>
								<line number="166" hits="0" branch="false"/>
							</lines>
						</method>
						<method name="setListener" signature="(Linfo/bunji/asyncutil/AsyncProcess$Listener;)V" line-rate="0.0" branch-rate="1.0" complexity="0">
							<lines>
								<line number="161" hits="0" branch="false"/>
								<line number="162" hits="0" branch="false"/>
							</lines>
						</method>
					</methods>
					<lines>
						<line number="35" hits="81" branch="false"/>
						<line number="38" hits="45" branch="false"/>
						<line number="42" hits="45" branch="false"/>
						<line number="44" hits="45" branch="false"/>
						<line number="46" hits="45" branch="false"/>
						<line number="55" hits="36" branch="false"/>
						<line number="59" hits="36" branch="true" condition-coverage="50% (1/2)">
							<conditions>
								<condition number="0" type="jump" coverage="50%"/>
							</conditions>
						</line>
						<line number="62" hits="36" branch="false"/>
						<line number="65" hits="28" branch="false"/>
						<line number="66" hits="6" branch="false"/>
						<line number="68" hits="2" branch="false"/>
						<line number="69" hits="2" branch="false"/>
						<line number="71" hits="36" branch="false"/>
						<line number="72" hits="36" branch="false"/>
						<line number="73" hits="36" branch="false"/>
						<line number="97" hits="4" branch="true" condition-coverage="100% (2/2)">
							<conditions>
								<condition number="0" type="jump" coverage="100%"/>
							</conditions>
						</line>
						<line number="98" hits="3" branch="false"/>
						<line number="99" hits="5" branch="true" condition-coverage="100% (2/2)">
							<conditions>
								<condition number="0" type="jump" coverage="100%"/>
							</conditions>
						</line>
						<line number="100" hits="4" branch="false"/>
						<line number="102" hits="2" branch="false"/>
						<line number="103" hits="2" branch="false"/>
						<line number="106" hits="2" branch="false"/>
						<line number="116" hits="3849" branch="true" condition-coverage="100% (4/4)">
							<conditions>
								<condition number="0" type="jump" coverage="100%"/>
								<condition number="1" type="jump" coverage="100%"/>
							</conditions>
						</line>
						<line number="117" hits="9" branch="false"/>
						<line number="119" hits="3841" branch="false"/>
						<line number="120" hits="3841" branch="false"/>
						<line number="130" hits="3865" branch="true" condition-coverage="100% (2/2)">
							<conditions>
								<condition number="0" type="jump" coverage="100%"/>
							</conditions>
						</line>
						<line number="131" hits="3859" branch="true" condition-coverage="100% (2/2)">
							<conditions>
								<condition number="0" type="jump" coverage="100%"/>
							</conditions>
						</line>
						<line number="141" hits="39" branch="false"/>
						<line number="149" hits="114" branch="false"/>
						<line number="150" hits="114" branch="true" condition-coverage="100% (2/2)">
							<conditions>
								<condition number="0" type="jump" coverage="100%"/>
							</conditions>
						</line>
						<line number="151" hits="39" branch="false"/>
						<line number="152" hits="39" branch="false"/>
						<line number="155" hits="39" branch="true" condition-coverage="50% (1/2)">
							<conditions>
								<condition number="0" type="jump" coverage="50%"/>
							</conditions>
						</line>
						<line number="157" hits="114" branch="false"/>
						<line number="158" hits="114" branch="false"/>
						<line number="161" hits="0" branch="false"/>
						<line number="162" hits="0" branch="false"/>
						<line number="165" hits="0" branch="false"/>
						<line number="166" hits="0" branch="false"/>
					</lines>
				</class>
				<class name="info.bunji.asyncutil.AsyncProcess$Listener" filename="info/bunji/asyncutil/AsyncProcess.java" line-rate="1.0" branch-rate="1.0" complexity="2.272727272727273">
					<methods>
					</methods>
					<lines>
					</lines>
				</class>
				<class name="info.bunji.asyncutil.AsyncResult" filename="info/bunji/asyncutil/AsyncResult.java" line-rate="1.0" branch-rate="1.0" complexity="2.4166666666666665">
					<methods>
						<method name="&lt;init&gt;" signature="(Lrx/Observable;I)V" line-rate="1.0" branch-rate="1.0" complexity="0">
							<lines>
								<line number="60" hits="31" branch="false"/>
								<line number="62" hits="31" branch="false"/>
								<line number="64" hits="31" branch="false"/>
								<line number="68" hits="31" branch="false"/>
								<line number="76" hits="31" branch="false"/>
								<line number="78" hits="31" branch="false"/>
								<line number="80" hits="31" branch="false"/>
								<line number="136" hits="31" branch="false"/>
								<line number="142" hits="31" branch="false"/>
								<line number="149" hits="31" branch="false"/>
								<line number="150" hits="31" branch="false"/>
								<line number="151" hits="31" branch="false"/>
							</lines>
						</method>
						<method name="access$100" signature="(Linfo/bunji/asyncutil/AsyncResult;)Lorg/slf4j/Logger;" line-rate="1.0" branch-rate="1.0" complexity="0">
							<lines>
							</lines>
						</method>
						<method name="access$200" signature="(Linfo/bunji/asyncutil/AsyncResult;)Ljava/lang/Throwable;" line-rate="1.0" branch-rate="1.0" complexity="0">
							<lines>
								<line number="58" hits="15426" branch="false"/>
							</lines>
						</method>
						<method name="access$202" signature="(Linfo/bunji/asyncutil/AsyncResult;Ljava/lang/Throwable;)Ljava/lang/Throwable;" line-rate="1.0" branch-rate="1.0" complexity="0">
							<lines>
							</lines>
						</method>
						<method name="access$300" signature="(Linfo/bunji/asyncutil/AsyncResult;)Linfo/bunji/asyncutil/AsyncResult$AsyncIterator;" line-rate="1.0" branch-rate="1.0" complexity="0">
							<lines>
							</lines>
						</method>
						<method name="access$500" signature="(Linfo/bunji/asyncutil/AsyncResult;)Ljava/util/concurrent/CountDownLatch;" line-rate="1.0" branch-rate="1.0" complexity="0">
							<lines>
							</lines>
						</method>
						<method name="block" signature="()Ljava/util/List;" line-rate="1.0" branch-rate="1.0" complexity="0">
							<lines>
								<line number="172" hits="9" branch="false"/>
								<line number="173" hits="9" branch="true" condition-coverage="100% (2/2)">
									<conditions>
										<condition number="0" type="jump" coverage="100%"/>
									</conditions>
								</line>
								<line number="174" hits="8" branch="false"/>
							</lines>
						</method>
						<method name="close" signature="()V" line-rate="1.0" branch-rate="1.0" complexity="0">
							<lines>
								<line number="188" hits="30" branch="true" condition-coverage="100% (2/2)">
									<conditions>
										<condition number="0" type="jump" coverage="100%"/>
									</conditions>
								</line>
								<line number="189" hits="7" branch="false"/>
								<line number="191" hits="7" branch="false"/>
								<line number="193" hits="30" branch="false"/>
							</lines>
						</method>
						<method name="iterator" signature="()Ljava/util/Iterator;" line-rate="1.0" branch-rate="1.0" complexity="0">
							<lines>
								<line number="160" hits="27" branch="false"/>
							</lines>
						</method>
					</methods>
					<lines>
						<line number="58" hits="15426" branch="false"/>
						<line number="60" hits="31" branch="false"/>
						<line number="62" hits="31" branch="false"/>
						<line number="64" hits="31" branch="false"/>
						<line number="68" hits="31" branch="false"/>
						<line number="76" hits="31" branch="false"/>
						<line number="78" hits="31" branch="false"/>
						<line number="80" hits="31" branch="false"/>
						<line number="136" hits="31" branch="false"/>
						<line number="142" hits="31" branch="false"/>
						<line number="149" hits="31" branch="false"/>
						<line number="150" hits="31" branch="false"/>
						<line number="151" hits="31" branch="false"/>
						<line number="160" hits="27" branch="false"/>
						<line number="172" hits="9" branch="false"/>
						<line number="173" hits="9" branch="true" condition-coverage="100% (2/2)">
							<conditions>
								<condition number="0" type="jump" coverage="100%"/>
							</conditions>
						</line>
						<line number="174" hits="8" branch="false"/>
						<line number="188" hits="30" branch="true" condition-coverage="100% (2/2)">
							<conditions>
								<condition number="0" type="jump" coverage="100%"/>
							</conditions>
						</line>
						<line number="189" hits="7" branch="false"/>
						<line number="191" hits="7" branch="false"/>
						<line number="193" hits="30" branch="false"/>
					</lines>
				</class>
				<class name="info.bunji.asyncutil.AsyncResult$1" filename="info/bunji/asyncutil/AsyncResult.java" line-rate="0.8823529411764706" branch-rate="0.8333333333333334" complexity="2.4166666666666665">
					<methods>
						<method name="&lt;init&gt;" signature="(Linfo/bunji/asyncutil/AsyncResult;I)V" line-rate="1.0" branch-rate="1.0" complexity="0">
							<lines>
								<line number="80" hits="31" branch="false"/>
								<line number="83" hits="31" branch="false"/>
							</lines>
						</method>
						<method name="onCompleted" signature="()V" line-rate="1.0" branch-rate="1.0" complexity="0">
							<lines>
								<line number="92" hits="22" branch="false"/>
								<line number="93" hits="22" branch="false"/>
							</lines>
						</method>
						<method name="onError" signature="(Ljava/lang/Throwable;)V" line-rate="1.0" branch-rate="1.0" complexity="0">
							<lines>
								<line number="103" hits="2" branch="false"/>
								<line number="104" hits="2" branch="false"/>
								<line number="105" hits="2" branch="false"/>
							</lines>
						</method>
						<method name="onNext" signature="(Ljava/lang/Object;)V" line-rate="0.8" branch-rate="0.8333333333333334" complexity="0">
							<lines>
								<line number="114" hits="3841" branch="false"/>
								<line number="117" hits="3841" branch="true" condition-coverage="100% (2/2)">
									<conditions>
										<condition number="0" type="jump" coverage="100%"/>
									</conditions>
								</line>
								<line number="119" hits="414" branch="true" condition-coverage="75% (3/4)">
									<conditions>
										<condition number="0" type="jump" coverage="100%"/>
										<condition number="1" type="jump" coverage="50%"/>
									</conditions>
								</line>
								<line number="120" hits="0" branch="false"/>
								<line number="122" hits="14" branch="false"/>
								<line number="124" hits="14" branch="false"/>
								<line number="125" hits="0" branch="false"/>
								<line number="127" hits="14" branch="false"/>
								<line number="131" hits="3841" branch="false"/>
								<line number="132" hits="3841" branch="false"/>
							</lines>
						</method>
					</methods>
					<lines>
						<line number="80" hits="31" branch="false"/>
						<line number="83" hits="31" branch="false"/>
						<line number="92" hits="22" branch="false"/>
						<line number="93" hits="22" branch="false"/>
						<line number="103" hits="2" branch="false"/>
						<line number="104" hits="2" branch="false"/>
						<line number="105" hits="2" branch="false"/>
						<line number="114" hits="3841" branch="false"/>
						<line number="117" hits="3841" branch="true" condition-coverage="100% (2/2)">
							<conditions>
								<condition number="0" type="jump" coverage="100%"/>
							</conditions>
						</line>
						<line number="119" hits="414" branch="true" condition-coverage="75% (3/4)">
							<conditions>
								<condition number="0" type="jump" coverage="100%"/>
								<condition number="1" type="jump" coverage="50%"/>
							</conditions>
						</line>
						<line number="120" hits="0" branch="false"/>
						<line number="122" hits="14" branch="false"/>
						<line number="124" hits="14" branch="false"/>
						<line number="125" hits="0" branch="false"/>
						<line number="127" hits="14" branch="false"/>
						<line number="131" hits="3841" branch="false"/>
						<line number="132" hits="3841" branch="false"/>
					</lines>
				</class>
				<class name="info.bunji.asyncutil.AsyncResult$2" filename="info/bunji/asyncutil/AsyncResult.java" line-rate="1.0" branch-rate="1.0" complexity="2.4166666666666665">
					<methods>
						<method name="&lt;init&gt;" signature="(Linfo/bunji/asyncutil/AsyncResult;J)V" line-rate="1.0" branch-rate="1.0" complexity="0">
							<lines>
								<line number="142" hits="31" branch="false"/>
							</lines>
						</method>
						<method name="call" signature="()V" line-rate="1.0" branch-rate="1.0" complexity="0">
							<lines>
								<line number="145" hits="31" branch="false"/>
								<line number="146" hits="31" branch="false"/>
								<line number="147" hits="31" branch="false"/>
							</lines>
						</method>
					</methods>
					<lines>
						<line number="142" hits="31" branch="false"/>
						<line number="145" hits="31" branch="false"/>
						<line number="146" hits="31" branch="false"/>
						<line number="147" hits="31" branch="false"/>
					</lines>
				</class>
				<class name="info.bunji.asyncutil.AsyncResult$3" filename="info/bunji/asyncutil/AsyncResult.java" line-rate="1.0" branch-rate="1.0" complexity="2.4166666666666665">
					<methods>
						<method name="&lt;init&gt;" signature="(Linfo/bunji/asyncutil/AsyncResult;)V" line-rate="1.0" branch-rate="1.0" complexity="0">
							<lines>
								<line number="136" hits="31" branch="false"/>
							</lines>
						</method>
						<method name="call" signature="()V" line-rate="1.0" branch-rate="1.0" complexity="0">
							<lines>
								<line number="139" hits="31" branch="false"/>
								<line number="140" hits="31" branch="false"/>
							</lines>
						</method>
					</methods>
					<lines>
						<line number="136" hits="31" branch="false"/>
						<line number="139" hits="31" branch="false"/>
						<line number="140" hits="31" branch="false"/>
					</lines>
				</class>
				<class name="info.bunji.asyncutil.AsyncResult$AsyncIterator" filename="info/bunji/asyncutil/AsyncResult.java" line-rate="0.9375" branch-rate="0.9166666666666666" complexity="2.4166666666666665">
					<methods>
						<method name="&lt;init&gt;" signature="(Linfo/bunji/asyncutil/AsyncResult;)V" line-rate="1.0" branch-rate="1.0" complexity="0">
							<lines>
								<line number="207" hits="31" branch="false"/>
							</lines>
						</method>
						<method name="&lt;init&gt;" signature="(Linfo/bunji/asyncutil/AsyncResult;Linfo/bunji/asyncutil/AsyncResult$1;)V" line-rate="1.0" branch-rate="1.0" complexity="0">
							<lines>
							</lines>
						</method>
						<method name="access$400" signature="(Linfo/bunji/asyncutil/AsyncResult$AsyncIterator;)Ljava/util/Queue;" line-rate="1.0" branch-rate="1.0" complexity="0">
							<lines>
								<line number="204" hits="4331" branch="false"/>
							</lines>
						</method>
						<method name="hasNext" signature="()Z" line-rate="0.9" branch-rate="0.9" complexity="0">
							<lines>
								<line number="218" hits="7703" branch="false"/>
								<line number="219" hits="7703" branch="false"/>
								<line number="221" hits="9363" branch="true" condition-coverage="100% (2/2)">
									<conditions>
										<condition number="0" type="jump" coverage="100%"/>
									</conditions>
								</line>
								<line number="223" hits="1" branch="false"/>
								<line number="225" hits="9362" branch="false"/>
								<line number="226" hits="9362" branch="true" condition-coverage="83% (5/6)">
									<conditions>
										<condition number="0" type="jump" coverage="100%"/>
										<condition number="1" type="jump" coverage="50%"/>
										<condition number="2" type="jump" coverage="100%"/>
									</conditions>
								</line>
								<line number="230" hits="1660" branch="false"/>
								<line number="231" hits="0" branch="false"/>
								<line number="233" hits="1660" branch="false"/>
								<line number="235" hits="7702" branch="true" condition-coverage="100% (2/2)">
									<conditions>
										<condition number="0" type="jump" coverage="100%"/>
									</conditions>
								</line>
							</lines>
						</method>
						<method name="next" signature="()Ljava/lang/Object;" line-rate="1.0" branch-rate="1.0" complexity="0">
							<lines>
								<line number="245" hits="3839" branch="true" condition-coverage="100% (2/2)">
									<conditions>
										<condition number="0" type="jump" coverage="100%"/>
									</conditions>
								</line>
								<line number="247" hits="3838" branch="false"/>
								<line number="249" hits="1" branch="false"/>
							</lines>
						</method>
						<method name="remove" signature="()V" line-rate="1.0" branch-rate="1.0" complexity="0">
							<lines>
								<line number="259" hits="1" branch="false"/>
							</lines>
						</method>
					</methods>
					<lines>
						<line number="204" hits="4331" branch="false"/>
						<line number="207" hits="31" branch="false"/>
						<line number="218" hits="7703" branch="false"/>
						<line number="219" hits="7703" branch="false"/>
						<line number="221" hits="9363" branch="true" condition-coverage="100% (2/2)">
							<conditions>
								<condition number="0" type="jump" coverage="100%"/>
							</conditions>
						</line>
						<line number="223" hits="1" branch="false"/>
						<line number="225" hits="9362" branch="false"/>
						<line number="226" hits="9362" branch="true" condition-coverage="83% (5/6)">
							<conditions>
								<condition number="0" type="jump" coverage="100%"/>
								<condition number="1" type="jump" coverage="50%"/>
								<condition number="2" type="jump" coverage="100%"/>
							</conditions>
						</line>
						<line number="230" hits="1660" branch="false"/>
						<line number="231" hits="0" branch="false"/>
						<line number="233" hits="1660" branch="false"/>
						<line number="235" hits="7702" branch="true" condition-coverage="100% (2/2)">
							<conditions>
								<condition number="0" type="jump" coverage="100%"/>
							</conditions>
						</line>
						<line number="245" hits="3839" branch="true" condition-coverage="100% (2/2)">
							<conditions>
								<condition number="0" type="jump" coverage="100%"/>
							</conditions>
						</line>
						<line number="247" hits="3838" branch="false"/>
						<line number="249" hits="1" branch="false"/>
						<line number="259" hits="1" branch="false"/>
					</lines>
				</class>
				<class name="info.bunji.asyncutil.ProcessCanceledException" filename="info/bunji/asyncutil/ProcessCanceledException.java" line-rate="1.0" branch-rate="1.0" complexity="1.0">
					<methods>
						<method name="&lt;init&gt;" signature="(Ljava/lang/String;)V" line-rate="1.0" branch-rate="1.0" complexity="0">
							<lines>
								<line number="24" hits="9" branch="false"/>
								<line number="25" hits="9" branch="false"/>
							</lines>
						</method>
					</methods>
					<lines>
						<line number="24" hits="9" branch="false"/>
						<line number="25" hits="9" branch="false"/>
					</lines>
				</class>
			</classes>
		</package>
	</packages>
</coverage>
